<?xml version="1.0" encoding="UTF-8"?>
<!-- Generated by org.testng.reporters.JUnitReportReporter -->
<testsuite hostname="DESKTOP-A4IQAAO" failures="0" tests="3" name="TestingClass" time="104.684" errors="0" timestamp="2023-05-15T05:07:26 EET" skipped="0">
  <testcase classname="TestingClass" name="CreatAnAccaount" time="9.955"/>
  <system-out/>
  <testcase classname="TestingClass" name="SearchRandomItemsAndPrintTheName" time="0.333"/>
  <system-out/>
  <testcase classname="TestingClass" name="Add5ItemsToTheCartWithRandomlySizeAndColor" time="94.396"/>
  <system-out/>
</testsuite> <!-- TestingClass -->
