<?xml version="1.0" encoding="UTF-8"?>
<!-- Generated by org.testng.reporters.JUnitReportReporter -->
<testsuite hostname="DESKTOP-A4IQAAO" failures="0" tests="8" name="TestingClassLuma" time="557.521" errors="0" timestamp="2023-05-20T13:19:28 EET" skipped="0">
  <testcase classname="TestingClassLuma" name="CreatAnAccaount" time="11.592"/>
  <system-out/>
  <testcase classname="TestingClassLuma" name="SearchRandomItemsAndPrintTheName" time="3.318"/>
  <system-out/>
  <testcase classname="TestingClassLuma" name="Add5ItemsToTheCartWithRandomlySizeAndColor" time="131.461"/>
  <system-out/>
  <testcase classname="TestingClassLuma" name="FusionBackpackAddToCart5Times" time="20.125"/>
  <system-out/>
  <testcase classname="TestingClassLuma" name="ShippingAddressInfo" time="30.013"/>
  <system-out/>
  <testcase classname="TestingClassLuma" name="ChickThePrice" time="12.403"/>
  <system-out/>
  <testcase classname="TestingClassLuma" name="ReInter_The_WebSite_And_ReOrder" time="338.477"/>
  <system-out/>
  <testcase classname="TestingClassLuma" name="CheckLast5InvoicesSamePrice" time="10.132"/>
  <system-out/>
</testsuite> <!-- TestingClassLuma -->
